# JRE version: Java(TM) SE Runtime Environment (8.0_171-b11) (build 1.8.0_171-b11)
# Java VM: Java HotSpot(TM) 64-Bit Server VM (25.171-b11 mixed mode windows-amd64 compressed oops)
Heap:
 PSYoungGen      total 175616K, used 124043K [0x0000000770500000, 0x000000077d180000, 0x00000007c0000000)
  eden space 143872K, 73% used [0x0000000770500000,0x0000000776c6f800,0x0000000779180000)
  from space 31744K, 57% used [0x000000077b280000,0x000000077c433668,0x000000077d180000)
  to   space 32768K, 0% used [0x0000000779180000,0x0000000779180000,0x000000077b180000)
 ParOldGen       total 126976K, used 75130K [0x00000006d0e00000, 0x00000006d8a00000, 0x0000000770500000)
  object space 126976K, 59% used [0x00000006d0e00000,0x00000006d575e948,0x00000006d8a00000)
 Metaspace       used 27851K, capacity 28460K, committed 28672K, reserved 1075200K
  class space    used 3072K, capacity 3255K, committed 3328K, reserved 1048576K
GC Heap History (10 events):
Event: 14.532 GC heap before
{Heap before GC invocations=11 (full 1):
 PSYoungGen      total 107520K, used 107519K [0x0000000770500000, 0x000000077a800000, 0x00000007c0000000)
  eden space 81920K, 100% used [0x0000000770500000,0x0000000775500000,0x0000000775500000)
  from space 25600K, 99% used [0x0000000775500000,0x0000000776dffd28,0x0000000776e00000)
  to   space 30208K, 0% used [0x0000000778a80000,0x0000000778a80000,0x000000077a800000)
 ParOldGen       total 126976K, used 36882K [0x00000006d0e00000, 0x00000006d8a00000, 0x0000000770500000)
  object space 126976K, 29% used [0x00000006d0e00000,0x00000006d32049b0,0x00000006d8a00000)
 Metaspace       used 25889K, capacity 26534K, committed 26752K, reserved 1073152K
  class space    used 2919K, capacity 3126K, committed 3200K, reserved 1048576K
Event: 14.571 GC heap after
Heap after GC invocations=11 (full 1):
 PSYoungGen      total 134144K, used 28122K [0x0000000770500000, 0x000000077b280000, 0x00000007c0000000)
  eden space 103936K, 0% used [0x0000000770500000,0x0000000770500000,0x0000000776a80000)
  from space 30208K, 93% used [0x0000000778a80000,0x000000077a5f69c0,0x000000077a800000)
  to   space 32768K, 0% used [0x0000000776a80000,0x0000000776a80000,0x0000000778a80000)
 ParOldGen       total 126976K, used 36890K [0x00000006d0e00000, 0x00000006d8a00000, 0x0000000770500000)
  object space 126976K, 29% used [0x00000006d0e00000,0x00000006d32069b0,0x00000006d8a00000)
 Metaspace       used 25889K, capacity 26534K, committed 26752K, reserved 1073152K
  class space    used 2919K, capacity 3126K, committed 3200K, reserved 1048576K
}
Event: 15.281 GC heap before
{Heap before GC invocations=12 (full 1):
 PSYoungGen      total 134144K, used 132058K [0x0000000770500000, 0x000000077b280000, 0x00000007c0000000)
  eden space 103936K, 100% used [0x0000000770500000,0x0000000776a80000,0x0000000776a80000)
  from space 30208K, 93% used [0x0000000778a80000,0x000000077a5f69c0,0x000000077a800000)
  to   space 32768K, 0% used [0x0000000776a80000,0x0000000776a80000,0x0000000778a80000)
 ParOldGen       total 126976K, used 36890K [0x00000006d0e00000, 0x00000006d8a00000, 0x0000000770500000)
  object space 126976K, 29% used [0x00000006d0e00000,0x00000006d32069b0,0x00000006d8a00000)
 Metaspace       used 25896K, capacity 26540K, committed 26752K, reserved 1073152K
  class space    used 2920K, capacity 3127K, committed 3200K, reserved 1048576K
Event: 15.316 GC heap after
Heap after GC invocations=12 (full 1):
 PSYoungGen      total 136704K, used 14656K [0x0000000770500000, 0x000000077d200000, 0x00000007c0000000)
  eden space 103936K, 0% used [0x0000000770500000,0x0000000770500000,0x0000000776a80000)
  from space 32768K, 44% used [0x0000000776a80000,0x00000007778d0398,0x0000000778a80000)
  to   space 32256K, 0% used [0x000000077b280000,0x000000077b280000,0x000000077d200000)
 ParOldGen       total 126976K, used 54330K [0x00000006d0e00000, 0x00000006d8a00000, 0x0000000770500000)
  object space 126976K, 42% used [0x00000006d0e00000,0x00000006d430e950,0x00000006d8a00000)
 Metaspace       used 25896K, capacity 26540K, committed 26752K, reserved 1073152K
  class space    used 2920K, capacity 3127K, committed 3200K, reserved 1048576K
}
Event: 16.713 GC heap before
{Heap before GC invocations=13 (full 1):
 PSYoungGen      total 136704K, used 118592K [0x0000000770500000, 0x000000077d200000, 0x00000007c0000000)
  eden space 103936K, 100% used [0x0000000770500000,0x0000000776a80000,0x0000000776a80000)
  from space 32768K, 44% used [0x0000000776a80000,0x00000007778d0398,0x0000000778a80000)
  to   space 32256K, 0% used [0x000000077b280000,0x000000077b280000,0x000000077d200000)
 ParOldGen       total 126976K, used 54330K [0x00000006d0e00000, 0x00000006d8a00000, 0x0000000770500000)
  object space 126976K, 42% used [0x00000006d0e00000,0x00000006d430e950,0x00000006d8a00000)
 Metaspace       used 25950K, capacity 26604K, committed 27008K, reserved 1073152K
  class space    used 2927K, capacity 3127K, committed 3200K, reserved 1048576K
Event: 16.735 GC heap after
Heap after GC invocations=13 (full 1):
 PSYoungGen      total 175616K, used 6160K [0x0000000770500000, 0x000000077d180000, 0x00000007c0000000)
  eden space 143872K, 0% used [0x0000000770500000,0x0000000770500000,0x0000000779180000)
  from space 31744K, 19% used [0x000000077b280000,0x000000077b8842e8,0x000000077d180000)
  to   space 32768K, 0% used [0x0000000779180000,0x0000000779180000,0x000000077b180000)
 ParOldGen       total 126976K, used 62588K [0x00000006d0e00000, 0x00000006d8a00000, 0x0000000770500000)
  object space 126976K, 49% used [0x00000006d0e00000,0x00000006d4b1f000,0x00000006d8a00000)
 Metaspace       used 25950K, capacity 26604K, committed 27008K, reserved 1073152K
  class space    used 2927K, capacity 3127K, committed 3200K, reserved 1048576K
}
Event: 18.429 GC heap before
{Heap before GC invocations=14 (full 1):
 PSYoungGen      total 175616K, used 150032K [0x0000000770500000, 0x000000077d180000, 0x00000007c0000000)
  eden space 143872K, 100% used [0x0000000770500000,0x0000000779180000,0x0000000779180000)
  from space 31744K, 19% used [0x000000077b280000,0x000000077b8842e8,0x000000077d180000)
  to   space 32768K, 0% used [0x0000000779180000,0x0000000779180000,0x000000077b180000)
 ParOldGen       total 126976K, used 62588K [0x00000006d0e00000, 0x00000006d8a00000, 0x0000000770500000)
  object space 126976K, 49% used [0x00000006d0e00000,0x00000006d4b1f000,0x00000006d8a00000)
 Metaspace       used 26003K, capacity 26604K, committed 27008K, reserved 1073152K
  class space    used 2927K, capacity 3127K, committed 3200K, reserved 1048576K
Event: 18.444 GC heap after
Heap after GC invocations=14 (full 1):
 PSYoungGen      total 176640K, used 7723K [0x0000000770500000, 0x000000077d180000, 0x00000007c0000000)
  eden space 143872K, 0% used [0x0000000770500000,0x0000000770500000,0x0000000779180000)
  from space 32768K, 23% used [0x0000000779180000,0x000000077990ad40,0x000000077b180000)
  to   space 31744K, 0% used [0x000000077b280000,0x000000077b280000,0x000000077d180000)
 ParOldGen       total 126976K, used 68173K [0x00000006d0e00000, 0x00000006d8a00000, 0x0000000770500000)
  object space 126976K, 53% used [0x00000006d0e00000,0x00000006d5093798,0x00000006d8a00000)
 Metaspace       used 26003K, capacity 26604K, committed 27008K, reserved 1073152K
  class space    used 2927K, capacity 3127K, committed 3200K, reserved 1048576K
}
Event: 21.152 GC heap before
{Heap before GC invocations=15 (full 1):
 PSYoungGen      total 176640K, used 151595K [0x0000000770500000, 0x000000077d180000, 0x00000007c0000000)
  eden space 143872K, 100% used [0x0000000770500000,0x0000000779180000,0x0000000779180000)
  from space 32768K, 23% used [0x0000000779180000,0x000000077990ad40,0x000000077b180000)
  to   space 31744K, 0% used [0x000000077b280000,0x000000077b280000,0x000000077d180000)
 ParOldGen       total 126976K, used 68173K [0x00000006d0e00000, 0x00000006d8a00000, 0x0000000770500000)
  object space 126976K, 53% used [0x00000006d0e00000,0x00000006d5093798,0x00000006d8a00000)
 Metaspace       used 27413K, capacity 28076K, committed 28416K, reserved 1075200K
  class space    used 3060K, capacity 3255K, committed 3328K, reserved 1048576K
Event: 21.174 GC heap after
Heap after GC invocations=15 (full 1):
 PSYoungGen      total 175616K, used 18125K [0x0000000770500000, 0x000000077d180000, 0x00000007c0000000)
  eden space 143872K, 0% used [0x0000000770500000,0x0000000770500000,0x0000000779180000)
  from space 31744K, 57% used [0x000000077b280000,0x000000077c433668,0x000000077d180000)
  to   space 32768K, 0% used [0x0000000779180000,0x0000000779180000,0x000000077b180000)
 ParOldGen       total 126976K, used 75130K [0x00000006d0e00000, 0x00000006d8a00000, 0x0000000770500000)
  object space 126976K, 59% used [0x00000006d0e00000,0x00000006d575e948,0x00000006d8a00000)
 Metaspace       used 27413K, capacity 28076K, committed 28416K, reserved 1075200K
  class space    used 3060K, capacity 3255K, committed 3328K, reserved 1048576K
}

