# JRE version: Java(TM) SE Runtime Environment (8.0_171-b11) (build 1.8.0_171-b11)
# Java VM: Java HotSpot(TM) 64-Bit Server VM (25.171-b11 mixed mode windows-amd64 compressed oops)
Heap:
 PSYoungGen      total 78848K, used 37363K [0x0000000770500000, 0x000000077ac00000, 0x00000007c0000000)
  eden space 60928K, 61% used [0x0000000770500000,0x000000077297cc88,0x0000000774080000)
  from space 17920K, 0% used [0x0000000774080000,0x0000000774080000,0x0000000775200000)
  to   space 24576K, 0% used [0x0000000779400000,0x0000000779400000,0x000000077ac00000)
 ParOldGen       total 141312K, used 39941K [0x00000006d0e00000, 0x00000006d9800000, 0x0000000770500000)
  object space 141312K, 28% used [0x00000006d0e00000,0x00000006d35014f8,0x00000006d9800000)
 Metaspace       used 20804K, capacity 21440K, committed 21504K, reserved 1069056K
  class space    used 2362K, capacity 2504K, committed 2560K, reserved 1048576K
GC Heap History (10 events):
Event: 11.153 GC heap before
{Heap before GC invocations=4 (full 0):
 PSYoungGen      total 71680K, used 71672K [0x0000000770500000, 0x0000000775500000, 0x00000007c0000000)
  eden space 61440K, 100% used [0x0000000770500000,0x0000000774100000,0x0000000774100000)
  from space 10240K, 99% used [0x0000000774100000,0x0000000774afe030,0x0000000774b00000)
  to   space 10240K, 0% used [0x0000000774b00000,0x0000000774b00000,0x0000000775500000)
 ParOldGen       total 163840K, used 6065K [0x00000006d0e00000, 0x00000006dae00000, 0x0000000770500000)
  object space 163840K, 3% used [0x00000006d0e00000,0x00000006d13ec508,0x00000006dae00000)
 Metaspace       used 16789K, capacity 17212K, committed 17408K, reserved 1064960K
  class space    used 1936K, capacity 2019K, committed 2048K, reserved 1048576K
Event: 11.170 GC heap after
Heap after GC invocations=4 (full 0):
 PSYoungGen      total 71680K, used 10216K [0x0000000770500000, 0x0000000779100000, 0x00000007c0000000)
  eden space 61440K, 0% used [0x0000000770500000,0x0000000770500000,0x0000000774100000)
  from space 10240K, 99% used [0x0000000774b00000,0x00000007754fa040,0x0000000775500000)
  to   space 10240K, 0% used [0x0000000774100000,0x0000000774100000,0x0000000774b00000)
 ParOldGen       total 163840K, used 11950K [0x00000006d0e00000, 0x00000006dae00000, 0x0000000770500000)
  object space 163840K, 7% used [0x00000006d0e00000,0x00000006d19ab860,0x00000006dae00000)
 Metaspace       used 16789K, capacity 17212K, committed 17408K, reserved 1064960K
  class space    used 1936K, capacity 2019K, committed 2048K, reserved 1048576K
}
Event: 12.690 GC heap before
{Heap before GC invocations=5 (full 0):
 PSYoungGen      total 71680K, used 71656K [0x0000000770500000, 0x0000000779100000, 0x00000007c0000000)
  eden space 61440K, 100% used [0x0000000770500000,0x0000000774100000,0x0000000774100000)
  from space 10240K, 99% used [0x0000000774b00000,0x00000007754fa040,0x0000000775500000)
  to   space 10240K, 0% used [0x0000000774100000,0x0000000774100000,0x0000000774b00000)
 ParOldGen       total 163840K, used 11950K [0x00000006d0e00000, 0x00000006dae00000, 0x0000000770500000)
  object space 163840K, 7% used [0x00000006d0e00000,0x00000006d19ab860,0x00000006dae00000)
 Metaspace       used 17866K, capacity 18298K, committed 18560K, reserved 1064960K
  class space    used 2037K, capacity 2124K, committed 2176K, reserved 1048576K
Event: 12.703 GC heap after
Heap after GC invocations=5 (full 0):
 PSYoungGen      total 70656K, used 10232K [0x0000000770500000, 0x0000000776400000, 0x00000007c0000000)
  eden space 60416K, 0% used [0x0000000770500000,0x0000000770500000,0x0000000774000000)
  from space 10240K, 99% used [0x0000000774100000,0x0000000774afe030,0x0000000774b00000)
  to   space 18432K, 0% used [0x0000000775200000,0x0000000775200000,0x0000000776400000)
 ParOldGen       total 163840K, used 15188K [0x00000006d0e00000, 0x00000006dae00000, 0x0000000770500000)
  object space 163840K, 9% used [0x00000006d0e00000,0x00000006d1cd5248,0x00000006dae00000)
 Metaspace       used 17866K, capacity 18298K, committed 18560K, reserved 1064960K
  class space    used 2037K, capacity 2124K, committed 2176K, reserved 1048576K
}
Event: 13.873 GC heap before
{Heap before GC invocations=6 (full 0):
 PSYoungGen      total 70656K, used 70648K [0x0000000770500000, 0x0000000776400000, 0x00000007c0000000)
  eden space 60416K, 100% used [0x0000000770500000,0x0000000774000000,0x0000000774000000)
  from space 10240K, 99% used [0x0000000774100000,0x0000000774afe030,0x0000000774b00000)
  to   space 18432K, 0% used [0x0000000775200000,0x0000000775200000,0x0000000776400000)
 ParOldGen       total 163840K, used 15188K [0x00000006d0e00000, 0x00000006dae00000, 0x0000000770500000)
  object space 163840K, 9% used [0x00000006d0e00000,0x00000006d1cd5248,0x00000006dae00000)
 Metaspace       used 19719K, capacity 20312K, committed 20352K, reserved 1067008K
  class space    used 2242K, capacity 2408K, committed 2432K, reserved 1048576K
Event: 13.893 GC heap after
Heap after GC invocations=6 (full 0):
 PSYoungGen      total 79360K, used 13577K [0x0000000770500000, 0x0000000779e00000, 0x00000007c0000000)
  eden space 60928K, 0% used [0x0000000770500000,0x0000000770500000,0x0000000774080000)
  from space 18432K, 73% used [0x0000000775200000,0x0000000775f42588,0x0000000776400000)
  to   space 17920K, 0% used [0x0000000774080000,0x0000000774080000,0x0000000775200000)
 ParOldGen       total 163840K, used 15196K [0x00000006d0e00000, 0x00000006dae00000, 0x0000000770500000)
  object space 163840K, 9% used [0x00000006d0e00000,0x00000006d1cd7248,0x00000006dae00000)
 Metaspace       used 19719K, capacity 20312K, committed 20352K, reserved 1067008K
  class space    used 2242K, capacity 2408K, committed 2432K, reserved 1048576K
}
Event: 14.767 GC heap before
{Heap before GC invocations=7 (full 0):
 PSYoungGen      total 79360K, used 45236K [0x0000000770500000, 0x0000000779e00000, 0x00000007c0000000)
  eden space 60928K, 51% used [0x0000000770500000,0x00000007723eac40,0x0000000774080000)
  from space 18432K, 73% used [0x0000000775200000,0x0000000775f42588,0x0000000776400000)
  to   space 17920K, 0% used [0x0000000774080000,0x0000000774080000,0x0000000775200000)
 ParOldGen       total 163840K, used 15196K [0x00000006d0e00000, 0x00000006dae00000, 0x0000000770500000)
  object space 163840K, 9% used [0x00000006d0e00000,0x00000006d1cd7248,0x00000006dae00000)
 Metaspace       used 20651K, capacity 21184K, committed 21248K, reserved 1069056K
  class space    used 2353K, capacity 2504K, committed 2560K, reserved 1048576K
Event: 14.788 GC heap after
Heap after GC invocations=7 (full 0):
 PSYoungGen      total 78848K, used 17907K [0x0000000770500000, 0x000000077ac00000, 0x00000007c0000000)
  eden space 60928K, 0% used [0x0000000770500000,0x0000000770500000,0x0000000774080000)
  from space 17920K, 99% used [0x0000000774080000,0x00000007751fcfc0,0x0000000775200000)
  to   space 24576K, 0% used [0x0000000779400000,0x0000000779400000,0x000000077ac00000)
 ParOldGen       total 163840K, used 25136K [0x00000006d0e00000, 0x00000006dae00000, 0x0000000770500000)
  object space 163840K, 15% used [0x00000006d0e00000,0x00000006d268c000,0x00000006dae00000)
 Metaspace       used 20651K, capacity 21184K, committed 21248K, reserved 1069056K
  class space    used 2353K, capacity 2504K, committed 2560K, reserved 1048576K
}
Event: 14.788 GC heap before
{Heap before GC invocations=8 (full 1):
 PSYoungGen      total 78848K, used 17907K [0x0000000770500000, 0x000000077ac00000, 0x00000007c0000000)
  eden space 60928K, 0% used [0x0000000770500000,0x0000000770500000,0x0000000774080000)
  from space 17920K, 99% used [0x0000000774080000,0x00000007751fcfc0,0x0000000775200000)
  to   space 24576K, 0% used [0x0000000779400000,0x0000000779400000,0x000000077ac00000)
 ParOldGen       total 163840K, used 25136K [0x00000006d0e00000, 0x00000006dae00000, 0x0000000770500000)
  object space 163840K, 15% used [0x00000006d0e00000,0x00000006d268c000,0x00000006dae00000)
 Metaspace       used 20651K, capacity 21184K, committed 21248K, reserved 1069056K
  class space    used 2353K, capacity 2504K, committed 2560K, reserved 1048576K
Event: 14.975 GC heap after
Heap after GC invocations=8 (full 1):
 PSYoungGen      total 78848K, used 0K [0x0000000770500000, 0x000000077ac00000, 0x00000007c0000000)
  eden space 60928K, 0% used [0x0000000770500000,0x0000000770500000,0x0000000774080000)
  from space 17920K, 0% used [0x0000000774080000,0x0000000774080000,0x0000000775200000)
  to   space 24576K, 0% used [0x0000000779400000,0x0000000779400000,0x000000077ac00000)
 ParOldGen       total 141312K, used 39941K [0x00000006d0e00000, 0x00000006d9800000, 0x0000000770500000)
  object space 141312K, 28% used [0x00000006d0e00000,0x00000006d35014f8,0x00000006d9800000)
 Metaspace       used 20651K, capacity 21184K, committed 21248K, reserved 1069056K
  class space    used 2353K, capacity 2504K, committed 2560K, reserved 1048576K
}

